This is pdfTeX, Version 3.14159265-2.6-1.40.16 (TeX Live 2015) (preloaded format=pdflatex 2016.3.26)  26 MAY 2016 11:43
entering extended mode
 \write18 enabled.
 %&-line parsing enabled.
**main.tex
(./main.tex
LaTeX2e <2015/01/01> patch level 2
Babel <3.9l> and hyphenation patterns for 2 languages loaded.
(./article.cls
Document Class: article 2014/09/29 v1.4h Standard LaTeX document class
(./size11.clo
File: size11.clo 2014/09/29 v1.4h Standard LaTeX file (size option)
)
\c@part=\count79
\c@section=\count80
\c@subsection=\count81
\c@subsubsection=\count82
\c@paragraph=\count83
\c@subparagraph=\count84
\c@figure=\count85
\c@table=\count86
\abovecaptionskip=\skip41
\belowcaptionskip=\skip42
\bibindent=\dimen102
) (./cite.sty
LaTeX Info: Redefining \cite on input line 302.
LaTeX Info: Redefining \nocite on input line 332.
Package: cite 2015/02/27  v 5.5
) (./url.sty
\Urlmuskip=\muskip10
Package: url 2013/09/16  ver 3.4  Verb mode for urls, etc.
) (./main.aux)
\openout1 = `main.aux'.

LaTeX Font Info:    Checking defaults for OML/cmm/m/it on input line 7.
LaTeX Font Info:    ... okay on input line 7.
LaTeX Font Info:    Checking defaults for T1/cmr/m/n on input line 7.
LaTeX Font Info:    ... okay on input line 7.
LaTeX Font Info:    Checking defaults for OT1/cmr/m/n on input line 7.
LaTeX Font Info:    ... okay on input line 7.
LaTeX Font Info:    Checking defaults for OMS/cmsy/m/n on input line 7.
LaTeX Font Info:    ... okay on input line 7.
LaTeX Font Info:    Checking defaults for OMX/cmex/m/n on input line 7.
LaTeX Font Info:    ... okay on input line 7.
LaTeX Font Info:    Checking defaults for U/cmr/m/n on input line 7.
LaTeX Font Info:    ... okay on input line 7.


LaTeX Font Warning: Font shape `OT1/cmr/bx/sc' undefined
(Font)              using `OT1/cmr/bx/n' instead on input line 12.

LaTeX Font Info:    External font `cmex10' loaded for size
(Font)              <12> on input line 12.
LaTeX Font Info:    External font `cmex10' loaded for size
(Font)              <8> on input line 12.
LaTeX Font Info:    External font `cmex10' loaded for size
(Font)              <6> on input line 12.
LaTeX Font Info:    External font `cmex10' loaded for size
(Font)              <7> on input line 26.
LaTeX Font Info:    External font `cmex10' loaded for size
(Font)              <5> on input line 26.

Overfull \hbox (5.91608pt too wide) in paragraph at lines 16--28
\OT1/cmr/m/n/10 only frame-work that brings the essence of Unix to the browser.
 \OT1/cmr/m/sc/10 Browsix
 []


Overfull \hbox (16.52843pt too wide) in paragraph at lines 16--28
\OT1/cmr/m/n/10 pro-cesses, sig-nals, sock-ets, and a shared file sys-tem) and 
ex-tends JavaScript
 []

(./main.bbl
LaTeX Font Info:    External font `cmex10' loaded for size
(Font)              <10.95> on input line 7.
) [1

{pdftex.map}] (./main.aux)

LaTeX Font Warning: Some font shapes were not available, defaults substituted.

 ) 
Here is how much of TeX's memory you used:
 416 strings out of 495008
 4359 string characters out of 6181949
 52229 words of memory out of 5000000
 3713 multiletter control sequences out of 15000+600000
 10228 words of font info for 36 fonts, out of 8000000 for 9000
 14 hyphenation exceptions out of 8191
 22i,6n,21p,131b,295s stack positions out of 5000i,500n,10000p,200000b,80000s
<./cmbx10.pfb><./cmbx12.pfb><./cmcsc10.pfb><./cmr10.pfb><./cmr12.pfb><./cmr7.
pfb><./cmti10.pfb><./cmtt10.pfb>
Output written on main.pdf (1 page, 96165 bytes).
PDF statistics:
 40 PDF objects out of 1000 (max. 8388607)
 28 compressed objects within 1 object stream
 0 named destinations out of 1000 (max. 500000)
 1 words of extra memory for PDF output out of 10000 (max. 10000000)

