This is pdfTeX, Version 3.14159265-2.6-1.40.15 (TeX Live 2014) (preloaded format=latex 2015.5.19)  19 MAY 2015 20:06
entering extended mode
 restricted \write18 enabled.
 %&-line parsing enabled.
**&latex xmltex.ini
(/usr/share/texmf-site/tex/xmltex/config/xmltex.ini
LaTeX2e <2014/05/01>
Babel <3.9l> and hyphenation patterns for 2 languages loaded.
(/usr/share/texmf-site/tex/xmltex/base/xmltex.tex
xmltex version: 2002/06/25 v1.9 (Exp)
\XML@attribute@toks=\toks14
\XML@ns@count=\count79
\XML@catalogue=\toks15
\XMLgrabtoks=\toks16

Encoding = utf-8 (/usr/share/texmf-site/tex/xmltex/base/xmltex.cfg) ) )
Beginning to dump on file xmltex.fmt
 (preloaded format=xmltex 2015.5.19)
5533 strings of total length 72547
50212 memory locations dumped; current usage is 144&50055
3865 multiletter control sequences
\font\nullfont=nullfont
\font\OMX/cmex/m/n/10=cmex10
\font\tenln=line10
\font\tenlnw=linew10
\font\tencirc=lcircle10
\font\tencircw=lcirclew10
\font\OT1/cmr/m/n/5=cmr5
\font\OT1/cmr/m/n/7=cmr7
\font\OT1/cmr/m/n/10=cmr10
\font\OML/cmm/m/it/5=cmmi5
\font\OML/cmm/m/it/7=cmmi7
\font\OML/cmm/m/it/10=cmmi10
\font\OMS/cmsy/m/n/5=cmsy5
\font\OMS/cmsy/m/n/7=cmsy7
\font\OMS/cmsy/m/n/10=cmsy10
3633 words of font info for 14 preloaded fonts
14 hyphenation exceptions
Hyphenation trie of length 6081 has 183 ops out of 35111
  2 for language 1
  181 for language 0
0 words of pdfTeX memory
0 indirect objects
No pages of output.
